app/build/intermediates/manifest_merge_blame_file/debug/manifest-merger-blame-debug-report.txt
1<?xml version="1.0" encoding="utf-8"?>
2<manifest xmlns:android="http://schemas.android.com/apk/res/android"
3    package="com.kimganteng.myapplication"
4    android:versionCode="1"
5    android:versionName="1.0" >
6
7    <uses-sdk
8        android:minSdkVersion="21"
8-->src\main\AndroidManifest.xml
9        android:targetSdkVersion="31" />
9-->src\main\AndroidManifest.xml
10
11    <uses-permission android:name="android.permission.ACCESS_NETWORK_STATE" />
11-->src\main\AndroidManifest.xml:5:5-79
11-->src\main\AndroidManifest.xml:5:22-76
12    <uses-permission android:name="android.permission.INTERNET" />
12-->src\main\AndroidManifest.xml:6:5-67
12-->src\main\AndroidManifest.xml:6:22-64
13    <uses-permission android:name="com.google.android.gms.permission.AD_ID" />
13-->src\main\AndroidManifest.xml:7:5-79
13-->src\main\AndroidManifest.xml:7:22-76
14
15    <!-- Android package visibility setting -->
16    <queries>
16-->[com.google.android.gms:play-services-ads-lite:21.0.0] AndroidManifest.xml:28:5-44:15
17
18        <!-- For browser content -->
19        <intent>
19-->[com.google.android.gms:play-services-ads-lite:21.0.0] AndroidManifest.xml:31:9-37:18
20            <action android:name="android.intent.action.VIEW" />
20-->[com.google.android.gms:play-services-ads-lite:21.0.0] AndroidManifest.xml:32:13-65
20-->[com.google.android.gms:play-services-ads-lite:21.0.0] AndroidManifest.xml:32:21-62
21
22            <category android:name="android.intent.category.BROWSABLE" />
22-->[com.google.android.gms:play-services-ads-lite:21.0.0] AndroidManifest.xml:34:13-74
22-->[com.google.android.gms:play-services-ads-lite:21.0.0] AndroidManifest.xml:34:23-71
23
24            <data android:scheme="https" />
24-->[com.google.android.gms:play-services-ads-lite:21.0.0] AndroidManifest.xml:36:13-44
24-->[com.google.android.gms:play-services-ads-lite:21.0.0] AndroidManifest.xml:36:19-41
25        </intent>
26        <!-- End of browser content -->
27        <!-- For CustomTabsService -->
28        <intent>
28-->[com.google.android.gms:play-services-ads-lite:21.0.0] AndroidManifest.xml:40:9-42:18
29            <action android:name="android.support.customtabs.action.CustomTabsService" />
29-->[com.google.android.gms:play-services-ads-lite:21.0.0] AndroidManifest.xml:41:13-90
29-->[com.google.android.gms:play-services-ads-lite:21.0.0] AndroidManifest.xml:41:21-87
30        </intent>
31        <!-- End of CustomTabsService -->
32        <package android:name="com.facebook.katana" />
32-->[com.facebook.android:audience-network-sdk:6.11.0] AndroidManifest.xml:12:9-55
32-->[com.facebook.android:audience-network-sdk:6.11.0] AndroidManifest.xml:12:18-52
33
34        <intent>
34-->[com.startapp:inapp-sdk:4.10.0] AndroidManifest.xml:17:9-19:18
35            <action android:name="android.intent.action.MAIN" />
35-->src\main\AndroidManifest.xml:23:17-69
35-->src\main\AndroidManifest.xml:23:25-66
36        </intent>
37        <intent>
37-->[androidx.media:media:1.3.1] AndroidManifest.xml:25:9-27:18
38            <action android:name="android.media.browse.MediaBrowserService" />
38-->[androidx.media:media:1.3.1] AndroidManifest.xml:26:13-79
38-->[androidx.media:media:1.3.1] AndroidManifest.xml:26:21-76
39        </intent>
40    </queries>
41
42    <uses-permission android:name="android.permission.WAKE_LOCK" />
42-->[androidx.work:work-runtime:2.7.1] AndroidManifest.xml:25:5-68
42-->[androidx.work:work-runtime:2.7.1] AndroidManifest.xml:25:22-65
43    <uses-permission android:name="android.permission.RECEIVE_BOOT_COMPLETED" />
43-->[androidx.work:work-runtime:2.7.1] AndroidManifest.xml:27:5-81
43-->[androidx.work:work-runtime:2.7.1] AndroidManifest.xml:27:22-78
44    <uses-permission android:name="android.permission.FOREGROUND_SERVICE" /> <!-- Permissions required by Open Measurement SDK -->
44-->[androidx.work:work-runtime:2.7.1] AndroidManifest.xml:28:5-77
44-->[androidx.work:work-runtime:2.7.1] AndroidManifest.xml:28:22-74
45    <uses-permission android:name="android.permission.ACCESS_WIFI_STATE" />
45-->[com.applovin:applovin-sdk:11.4.4] AndroidManifest.xml:15:5-76
45-->[com.applovin:applovin-sdk:11.4.4] AndroidManifest.xml:15:22-73
46    <uses-permission android:name="com.google.android.finsky.permission.BIND_GET_INSTALL_REFERRER_SERVICE" />
46-->[com.startapp:inapp-sdk:4.10.0] AndroidManifest.xml:13:5-110
46-->[com.startapp:inapp-sdk:4.10.0] AndroidManifest.xml:13:22-107
47
48    <application
48-->src\main\AndroidManifest.xml:9:5-35:19
49        android:name="com.aliendroid.alienads.MyApplication"
49-->[:AlienAdsV2] AndroidManifest.xml:13:18-70
50        android:allowBackup="true"
50-->src\main\AndroidManifest.xml:10:9-35
51        android:appComponentFactory="androidx.core.app.CoreComponentFactory"
51-->[androidx.core:core:1.7.0] AndroidManifest.xml:24:18-86
52        android:debuggable="true"
53        android:icon="@mipmap/ic_launcher"
53-->src\main\AndroidManifest.xml:11:9-43
54        android:label="@string/app_name"
54-->src\main\AndroidManifest.xml:12:9-41
55        android:networkSecurityConfig="@xml/network_config"
55-->src\main\AndroidManifest.xml:15:9-60
56        android:roundIcon="@mipmap/ic_launcher_round"
56-->src\main\AndroidManifest.xml:13:9-54
57        android:supportsRtl="true"
57-->src\main\AndroidManifest.xml:14:9-35
58        android:testOnly="true"
59        android:theme="@style/Theme.MyApplication"
59-->src\main\AndroidManifest.xml:17:9-51
60        android:usesCleartextTraffic="true" >
60-->src\main\AndroidManifest.xml:16:9-44
61        <activity
61-->src\main\AndroidManifest.xml:19:9-27:20
62            android:name="com.kimganteng.myapplication.MainActivity"
62-->src\main\AndroidManifest.xml:20:13-41
63            android:exported="true" >
63-->src\main\AndroidManifest.xml:21:13-36
64            <intent-filter>
64-->src\main\AndroidManifest.xml:22:13-26:29
65                <action android:name="android.intent.action.MAIN" />
65-->src\main\AndroidManifest.xml:23:17-69
65-->src\main\AndroidManifest.xml:23:25-66
66
67                <category android:name="android.intent.category.LAUNCHER" />
67-->src\main\AndroidManifest.xml:25:17-77
67-->src\main\AndroidManifest.xml:25:27-74
68            </intent-filter>
69        </activity>
70
71        <meta-data
71-->src\main\AndroidManifest.xml:29:9-31:56
72            android:name="applovin.sdk.key"
72-->src\main\AndroidManifest.xml:30:13-44
73            android:value="@string/sdk_key_applovin" />
73-->src\main\AndroidManifest.xml:31:13-53
74        <meta-data
74-->src\main\AndroidManifest.xml:32:9-34:50
75            android:name="com.google.android.gms.ads.APPLICATION_ID"
75-->src\main\AndroidManifest.xml:33:13-69
76            android:value="@string/admobappid" />
76-->src\main\AndroidManifest.xml:34:13-47
77
78        <activity
78-->[:AlienAdsV2] AndroidManifest.xml:14:9-17:50
79            android:name="com.ironsource.sdk.controller.ControllerActivity"
79-->[:AlienAdsV2] AndroidManifest.xml:15:13-76
80            android:configChanges="orientation|screenSize"
80-->[:AlienAdsV2] AndroidManifest.xml:16:13-59
81            android:exported="false"
81-->[com.google.ads.mediation:ironsource:7.2.2.0] AndroidManifest.xml:13:13-37
82            android:hardwareAccelerated="true" />
82-->[:AlienAdsV2] AndroidManifest.xml:17:13-47
83        <activity
83-->[:AlienAdsV2] AndroidManifest.xml:18:9-22:64
84            android:name="com.ironsource.sdk.controller.InterstitialActivity"
84-->[:AlienAdsV2] AndroidManifest.xml:19:13-78
85            android:configChanges="orientation|screenSize"
85-->[:AlienAdsV2] AndroidManifest.xml:20:13-59
86            android:exported="false"
86-->[com.google.ads.mediation:ironsource:7.2.2.0] AndroidManifest.xml:18:13-37
87            android:hardwareAccelerated="true"
87-->[:AlienAdsV2] AndroidManifest.xml:21:13-47
88            android:theme="@android:style/Theme.Translucent" />
88-->[:AlienAdsV2] AndroidManifest.xml:22:13-61
89        <activity
89-->[:AlienAdsV2] AndroidManifest.xml:23:9-27:64
90            android:name="com.ironsource.sdk.controller.OpenUrlActivity"
90-->[:AlienAdsV2] AndroidManifest.xml:24:13-73
91            android:configChanges="orientation|screenSize"
91-->[:AlienAdsV2] AndroidManifest.xml:25:13-59
92            android:exported="false"
92-->[com.google.ads.mediation:ironsource:7.2.2.0] AndroidManifest.xml:24:13-37
93            android:hardwareAccelerated="true"
93-->[:AlienAdsV2] AndroidManifest.xml:26:13-47
94            android:theme="@android:style/Theme.Translucent" />
94-->[:AlienAdsV2] AndroidManifest.xml:27:13-61
95
96        <provider
96-->[:AlienAdsV2] AndroidManifest.xml:29:9-31:82
97            android:name="com.ironsource.lifecycle.IronsourceLifecycleProvider"
97-->[:AlienAdsV2] AndroidManifest.xml:30:13-80
98            android:authorities="com.kimganteng.myapplication.IronsourceLifecycleProvider" />
98-->[:AlienAdsV2] AndroidManifest.xml:31:13-79
99
100        <meta-data
100-->[:AlienAdsV2] AndroidManifest.xml:33:9-35:69
101            android:name="com.google.android.gms.version"
101-->[:AlienAdsV2] AndroidManifest.xml:34:13-58
102            android:value="@integer/google_play_services_version" />
102-->[:AlienAdsV2] AndroidManifest.xml:35:13-66
103
104        <activity
104-->[:AlienAdsV2] AndroidManifest.xml:37:9-39:125
105            android:name="com.google.android.gms.ads.AdActivity"
105-->[:AlienAdsV2] AndroidManifest.xml:38:13-65
106            android:configChanges="keyboard|keyboardHidden|orientation|screenLayout|uiMode|screenSize|smallestScreenSize"
106-->[:AlienAdsV2] AndroidManifest.xml:39:13-122
107            android:exported="false"
107-->[com.google.android.gms:play-services-ads-lite:21.0.0] AndroidManifest.xml:52:13-37
108            android:theme="@android:style/Theme.Translucent" />
108-->[com.google.android.gms:play-services-ads-lite:21.0.0] AndroidManifest.xml:53:13-61
109
110        <provider
110-->[com.google.android.gms:play-services-ads-lite:21.0.0] AndroidManifest.xml:55:9-59:39
111            android:name="com.google.android.gms.ads.MobileAdsInitProvider"
111-->[com.google.android.gms:play-services-ads-lite:21.0.0] AndroidManifest.xml:56:13-76
112            android:authorities="com.kimganteng.myapplication.mobileadsinitprovider"
112-->[com.google.android.gms:play-services-ads-lite:21.0.0] AndroidManifest.xml:57:13-73
113            android:exported="false"
113-->[com.google.android.gms:play-services-ads-lite:21.0.0] AndroidManifest.xml:58:13-37
114            android:initOrder="100" />
114-->[com.google.android.gms:play-services-ads-lite:21.0.0] AndroidManifest.xml:59:13-36
115
116        <service
116-->[com.google.android.gms:play-services-ads-lite:21.0.0] AndroidManifest.xml:61:9-64:40
117            android:name="com.google.android.gms.ads.AdService"
117-->[com.google.android.gms:play-services-ads-lite:21.0.0] AndroidManifest.xml:62:13-64
118            android:enabled="true"
118-->[com.google.android.gms:play-services-ads-lite:21.0.0] AndroidManifest.xml:63:13-35
119            android:exported="false" />
119-->[com.google.android.gms:play-services-ads-lite:21.0.0] AndroidManifest.xml:64:13-37
120
121        <provider
121-->[androidx.work:work-runtime:2.7.1] AndroidManifest.xml:31:9-39:20
122            android:name="androidx.startup.InitializationProvider"
122-->[androidx.work:work-runtime:2.7.1] AndroidManifest.xml:32:13-67
123            android:authorities="com.kimganteng.myapplication.androidx-startup"
123-->[androidx.work:work-runtime:2.7.1] AndroidManifest.xml:33:13-68
124            android:exported="false" >
124-->[androidx.work:work-runtime:2.7.1] AndroidManifest.xml:34:13-37
125            <meta-data
125-->[androidx.work:work-runtime:2.7.1] AndroidManifest.xml:36:13-38:52
126                android:name="androidx.work.WorkManagerInitializer"
126-->[androidx.work:work-runtime:2.7.1] AndroidManifest.xml:37:17-68
127                android:value="androidx.startup" />
127-->[androidx.work:work-runtime:2.7.1] AndroidManifest.xml:38:17-49
128            <meta-data
128-->[androidx.emoji2:emoji2:1.0.0] AndroidManifest.xml:31:13-33:52
129                android:name="androidx.emoji2.text.EmojiCompatInitializer"
129-->[androidx.emoji2:emoji2:1.0.0] AndroidManifest.xml:32:17-75
130                android:value="androidx.startup" />
130-->[androidx.emoji2:emoji2:1.0.0] AndroidManifest.xml:33:17-49
131            <meta-data
131-->[androidx.lifecycle:lifecycle-process:2.4.1] AndroidManifest.xml:31:13-33:52
132                android:name="androidx.lifecycle.ProcessLifecycleInitializer"
132-->[androidx.lifecycle:lifecycle-process:2.4.1] AndroidManifest.xml:32:17-78
133                android:value="androidx.startup" />
133-->[androidx.lifecycle:lifecycle-process:2.4.1] AndroidManifest.xml:33:17-49
134        </provider>
135
136        <service
136-->[androidx.work:work-runtime:2.7.1] AndroidManifest.xml:41:9-46:35
137            android:name="androidx.work.impl.background.systemalarm.SystemAlarmService"
137-->[androidx.work:work-runtime:2.7.1] AndroidManifest.xml:42:13-88
138            android:directBootAware="false"
138-->[androidx.work:work-runtime:2.7.1] AndroidManifest.xml:43:13-44
139            android:enabled="@bool/enable_system_alarm_service_default"
139-->[androidx.work:work-runtime:2.7.1] AndroidManifest.xml:44:13-72
140            android:exported="false" />
140-->[androidx.work:work-runtime:2.7.1] AndroidManifest.xml:45:13-37
141        <service
141-->[androidx.work:work-runtime:2.7.1] AndroidManifest.xml:47:9-53:35
142            android:name="androidx.work.impl.background.systemjob.SystemJobService"
142-->[androidx.work:work-runtime:2.7.1] AndroidManifest.xml:48:13-84
143            android:directBootAware="false"
143-->[androidx.work:work-runtime:2.7.1] AndroidManifest.xml:49:13-44
144            android:enabled="@bool/enable_system_job_service_default"
144-->[androidx.work:work-runtime:2.7.1] AndroidManifest.xml:50:13-70
145            android:exported="true"
145-->[androidx.work:work-runtime:2.7.1] AndroidManifest.xml:51:13-36
146            android:permission="android.permission.BIND_JOB_SERVICE" />
146-->[androidx.work:work-runtime:2.7.1] AndroidManifest.xml:52:13-69
147        <service
147-->[androidx.work:work-runtime:2.7.1] AndroidManifest.xml:54:9-59:35
148            android:name="androidx.work.impl.foreground.SystemForegroundService"
148-->[androidx.work:work-runtime:2.7.1] AndroidManifest.xml:55:13-81
149            android:directBootAware="false"
149-->[androidx.work:work-runtime:2.7.1] AndroidManifest.xml:56:13-44
150            android:enabled="@bool/enable_system_foreground_service_default"
150-->[androidx.work:work-runtime:2.7.1] AndroidManifest.xml:57:13-77
151            android:exported="false" />
151-->[androidx.work:work-runtime:2.7.1] AndroidManifest.xml:58:13-37
152
153        <receiver
153-->[androidx.work:work-runtime:2.7.1] AndroidManifest.xml:61:9-66:35
154            android:name="androidx.work.impl.utils.ForceStopRunnable$BroadcastReceiver"
154-->[androidx.work:work-runtime:2.7.1] AndroidManifest.xml:62:13-88
155            android:directBootAware="false"
155-->[androidx.work:work-runtime:2.7.1] AndroidManifest.xml:63:13-44
156            android:enabled="true"
156-->[androidx.work:work-runtime:2.7.1] AndroidManifest.xml:64:13-35
157            android:exported="false" />
157-->[androidx.work:work-runtime:2.7.1] AndroidManifest.xml:65:13-37
158        <receiver
158-->[androidx.work:work-runtime:2.7.1] AndroidManifest.xml:67:9-77:20
159            android:name="androidx.work.impl.background.systemalarm.ConstraintProxy$BatteryChargingProxy"
159-->[androidx.work:work-runtime:2.7.1] AndroidManifest.xml:68:13-106
160            android:directBootAware="false"
160-->[androidx.work:work-runtime:2.7.1] AndroidManifest.xml:69:13-44
161            android:enabled="false"
161-->[androidx.work:work-runtime:2.7.1] AndroidManifest.xml:70:13-36
162            android:exported="false" >
162-->[androidx.work:work-runtime:2.7.1] AndroidManifest.xml:71:13-37
163            <intent-filter>
163-->[androidx.work:work-runtime:2.7.1] AndroidManifest.xml:73:13-76:29
164                <action android:name="android.intent.action.ACTION_POWER_CONNECTED" />
164-->[androidx.work:work-runtime:2.7.1] AndroidManifest.xml:74:17-87
164-->[androidx.work:work-runtime:2.7.1] AndroidManifest.xml:74:25-84
165                <action android:name="android.intent.action.ACTION_POWER_DISCONNECTED" />
165-->[androidx.work:work-runtime:2.7.1] AndroidManifest.xml:75:17-90
165-->[androidx.work:work-runtime:2.7.1] AndroidManifest.xml:75:25-87
166            </intent-filter>
167        </receiver>
168        <receiver
168-->[androidx.work:work-runtime:2.7.1] AndroidManifest.xml:78:9-88:20
169            android:name="androidx.work.impl.background.systemalarm.ConstraintProxy$BatteryNotLowProxy"
169-->[androidx.work:work-runtime:2.7.1] AndroidManifest.xml:79:13-104
170            android:directBootAware="false"
170-->[androidx.work:work-runtime:2.7.1] AndroidManifest.xml:80:13-44
171            android:enabled="false"
171-->[androidx.work:work-runtime:2.7.1] AndroidManifest.xml:81:13-36
172            android:exported="false" >
172-->[androidx.work:work-runtime:2.7.1] AndroidManifest.xml:82:13-37
173            <intent-filter>
173-->[androidx.work:work-runtime:2.7.1] AndroidManifest.xml:84:13-87:29
174                <action android:name="android.intent.action.BATTERY_OKAY" />
174-->[androidx.work:work-runtime:2.7.1] AndroidManifest.xml:85:17-77
174-->[androidx.work:work-runtime:2.7.1] AndroidManifest.xml:85:25-74
175                <action android:name="android.intent.action.BATTERY_LOW" />
175-->[androidx.work:work-runtime:2.7.1] AndroidManifest.xml:86:17-76
175-->[androidx.work:work-runtime:2.7.1] AndroidManifest.xml:86:25-73
176            </intent-filter>
177        </receiver>
178        <receiver
178-->[androidx.work:work-runtime:2.7.1] AndroidManifest.xml:89:9-99:20
179            android:name="androidx.work.impl.background.systemalarm.ConstraintProxy$StorageNotLowProxy"
179-->[androidx.work:work-runtime:2.7.1] AndroidManifest.xml:90:13-104
180            android:directBootAware="false"
180-->[androidx.work:work-runtime:2.7.1] AndroidManifest.xml:91:13-44
181            android:enabled="false"
181-->[androidx.work:work-runtime:2.7.1] AndroidManifest.xml:92:13-36
182            android:exported="false" >
182-->[androidx.work:work-runtime:2.7.1] AndroidManifest.xml:93:13-37
183            <intent-filter>
183-->[androidx.work:work-runtime:2.7.1] AndroidManifest.xml:95:13-98:29
184                <action android:name="android.intent.action.DEVICE_STORAGE_LOW" />
184-->[androidx.work:work-runtime:2.7.1] AndroidManifest.xml:96:17-83
184-->[androidx.work:work-runtime:2.7.1] AndroidManifest.xml:96:25-80
185                <action android:name="android.intent.action.DEVICE_STORAGE_OK" />
185-->[androidx.work:work-runtime:2.7.1] AndroidManifest.xml:97:17-82
185-->[androidx.work:work-runtime:2.7.1] AndroidManifest.xml:97:25-79
186            </intent-filter>
187        </receiver>
188        <receiver
188-->[androidx.work:work-runtime:2.7.1] AndroidManifest.xml:100:9-109:20
189            android:name="androidx.work.impl.background.systemalarm.ConstraintProxy$NetworkStateProxy"
189-->[androidx.work:work-runtime:2.7.1] AndroidManifest.xml:101:13-103
190            android:directBootAware="false"
190-->[androidx.work:work-runtime:2.7.1] AndroidManifest.xml:102:13-44
191            android:enabled="false"
191-->[androidx.work:work-runtime:2.7.1] AndroidManifest.xml:103:13-36
192            android:exported="false" >
192-->[androidx.work:work-runtime:2.7.1] AndroidManifest.xml:104:13-37
193            <intent-filter>
193-->[androidx.work:work-runtime:2.7.1] AndroidManifest.xml:106:13-108:29
194                <action android:name="android.net.conn.CONNECTIVITY_CHANGE" />
194-->[androidx.work:work-runtime:2.7.1] AndroidManifest.xml:107:17-79
194-->[androidx.work:work-runtime:2.7.1] AndroidManifest.xml:107:25-76
195            </intent-filter>
196        </receiver>
197        <receiver
197-->[androidx.work:work-runtime:2.7.1] AndroidManifest.xml:110:9-121:20
198            android:name="androidx.work.impl.background.systemalarm.RescheduleReceiver"
198-->[androidx.work:work-runtime:2.7.1] AndroidManifest.xml:111:13-88
199            android:directBootAware="false"
199-->[androidx.work:work-runtime:2.7.1] AndroidManifest.xml:112:13-44
200            android:enabled="false"
200-->[androidx.work:work-runtime:2.7.1] AndroidManifest.xml:113:13-36
201            android:exported="false" >
201-->[androidx.work:work-runtime:2.7.1] AndroidManifest.xml:114:13-37
202            <intent-filter>
202-->[androidx.work:work-runtime:2.7.1] AndroidManifest.xml:116:13-120:29
203                <action android:name="android.intent.action.BOOT_COMPLETED" />
203-->[androidx.work:work-runtime:2.7.1] AndroidManifest.xml:117:17-79
203-->[androidx.work:work-runtime:2.7.1] AndroidManifest.xml:117:25-76
204                <action android:name="android.intent.action.TIME_SET" />
204-->[androidx.work:work-runtime:2.7.1] AndroidManifest.xml:118:17-73
204-->[androidx.work:work-runtime:2.7.1] AndroidManifest.xml:118:25-70
205                <action android:name="android.intent.action.TIMEZONE_CHANGED" />
205-->[androidx.work:work-runtime:2.7.1] AndroidManifest.xml:119:17-81
205-->[androidx.work:work-runtime:2.7.1] AndroidManifest.xml:119:25-78
206            </intent-filter>
207        </receiver>
208        <receiver
208-->[androidx.work:work-runtime:2.7.1] AndroidManifest.xml:122:9-131:20
209            android:name="androidx.work.impl.background.systemalarm.ConstraintProxyUpdateReceiver"
209-->[androidx.work:work-runtime:2.7.1] AndroidManifest.xml:123:13-99
210            android:directBootAware="false"
210-->[androidx.work:work-runtime:2.7.1] AndroidManifest.xml:124:13-44
211            android:enabled="@bool/enable_system_alarm_service_default"
211-->[androidx.work:work-runtime:2.7.1] AndroidManifest.xml:125:13-72
212            android:exported="false" >
212-->[androidx.work:work-runtime:2.7.1] AndroidManifest.xml:126:13-37
213            <intent-filter>
213-->[androidx.work:work-runtime:2.7.1] AndroidManifest.xml:128:13-130:29
214                <action android:name="androidx.work.impl.background.systemalarm.UpdateProxies" />
214-->[androidx.work:work-runtime:2.7.1] AndroidManifest.xml:129:17-98
214-->[androidx.work:work-runtime:2.7.1] AndroidManifest.xml:129:25-95
215            </intent-filter>
216        </receiver>
217        <receiver
217-->[androidx.work:work-runtime:2.7.1] AndroidManifest.xml:132:9-142:20
218            android:name="androidx.work.impl.diagnostics.DiagnosticsReceiver"
218-->[androidx.work:work-runtime:2.7.1] AndroidManifest.xml:133:13-78
219            android:directBootAware="false"
219-->[androidx.work:work-runtime:2.7.1] AndroidManifest.xml:134:13-44
220            android:enabled="true"
220-->[androidx.work:work-runtime:2.7.1] AndroidManifest.xml:135:13-35
221            android:exported="true"
221-->[androidx.work:work-runtime:2.7.1] AndroidManifest.xml:136:13-36
222            android:permission="android.permission.DUMP" >
222-->[androidx.work:work-runtime:2.7.1] AndroidManifest.xml:137:13-57
223            <intent-filter>
223-->[androidx.work:work-runtime:2.7.1] AndroidManifest.xml:139:13-141:29
224                <action android:name="androidx.work.diagnostics.REQUEST_DIAGNOSTICS" />
224-->[androidx.work:work-runtime:2.7.1] AndroidManifest.xml:140:17-88
224-->[androidx.work:work-runtime:2.7.1] AndroidManifest.xml:140:25-85
225            </intent-filter>
226        </receiver>
227
228        <activity
228-->[com.facebook.android:audience-network-sdk:6.11.0] AndroidManifest.xml:19:9-23:75
229            android:name="com.facebook.ads.AudienceNetworkActivity"
229-->[com.facebook.android:audience-network-sdk:6.11.0] AndroidManifest.xml:20:13-68
230            android:configChanges="keyboardHidden|orientation|screenSize"
230-->[com.facebook.android:audience-network-sdk:6.11.0] AndroidManifest.xml:21:13-74
231            android:exported="false"
231-->[com.facebook.android:audience-network-sdk:6.11.0] AndroidManifest.xml:22:13-37
232            android:theme="@android:style/Theme.Translucent.NoTitleBar" />
232-->[com.facebook.android:audience-network-sdk:6.11.0] AndroidManifest.xml:23:13-72
233
234        <provider
234-->[com.facebook.android:audience-network-sdk:6.11.0] AndroidManifest.xml:25:9-28:40
235            android:name="com.facebook.ads.AudienceNetworkContentProvider"
235-->[com.facebook.android:audience-network-sdk:6.11.0] AndroidManifest.xml:26:13-75
236            android:authorities="com.kimganteng.myapplication.AudienceNetworkContentProvider"
236-->[com.facebook.android:audience-network-sdk:6.11.0] AndroidManifest.xml:27:13-82
237            android:exported="false" />
237-->[com.facebook.android:audience-network-sdk:6.11.0] AndroidManifest.xml:28:13-37
238        <provider
238-->[com.applovin:applovin-sdk:11.4.4] AndroidManifest.xml:18:9-23:39
239            android:name="com.applovin.sdk.AppLovinInitProvider"
239-->[com.applovin:applovin-sdk:11.4.4] AndroidManifest.xml:19:13-65
240            android:authorities="com.kimganteng.myapplication.applovincontentprovider"
240-->[com.applovin:applovin-sdk:11.4.4] AndroidManifest.xml:20:13-75
241            android:exported="false"
241-->[com.applovin:applovin-sdk:11.4.4] AndroidManifest.xml:21:13-37
242            android:grantUriPermissions="true"
242-->[com.applovin:applovin-sdk:11.4.4] AndroidManifest.xml:22:13-47
243            android:initOrder="101" /> <!-- Init order is 101 so we're before Firebase/Google which uses 100 -->
243-->[com.applovin:applovin-sdk:11.4.4] AndroidManifest.xml:23:13-36
244        <activity
244-->[com.applovin:applovin-sdk:11.4.4] AndroidManifest.xml:25:9-31:50
245            android:name="com.applovin.adview.AppLovinFullscreenActivity"
245-->[com.applovin:applovin-sdk:11.4.4] AndroidManifest.xml:26:13-74
246            android:configChanges="keyboard|keyboardHidden|locale|orientation|screenLayout|screenSize|smallestScreenSize|uiMode"
246-->[com.applovin:applovin-sdk:11.4.4] AndroidManifest.xml:27:13-129
247            android:exported="false"
247-->[com.applovin:applovin-sdk:11.4.4] AndroidManifest.xml:28:13-37
248            android:hardwareAccelerated="true"
248-->[com.applovin:applovin-sdk:11.4.4] AndroidManifest.xml:29:13-47
249            android:launchMode="singleTop"
249-->[com.applovin:applovin-sdk:11.4.4] AndroidManifest.xml:30:13-43
250            android:screenOrientation="behind" />
250-->[com.applovin:applovin-sdk:11.4.4] AndroidManifest.xml:31:13-47
251        <activity
251-->[com.applovin:applovin-sdk:11.4.4] AndroidManifest.xml:32:9-34:84
252            android:name="com.applovin.sdk.AppLovinWebViewActivity"
252-->[com.applovin:applovin-sdk:11.4.4] AndroidManifest.xml:33:13-68
253            android:configChanges="keyboardHidden|orientation|screenSize|uiMode" />
253-->[com.applovin:applovin-sdk:11.4.4] AndroidManifest.xml:34:13-81
254        <activity
254-->[com.applovin:applovin-sdk:11.4.4] AndroidManifest.xml:35:9-38:87
255            android:name="com.applovin.mediation.MaxDebuggerActivity"
255-->[com.applovin:applovin-sdk:11.4.4] AndroidManifest.xml:36:13-70
256            android:configChanges="keyboardHidden|orientation|screenSize|uiMode"
256-->[com.applovin:applovin-sdk:11.4.4] AndroidManifest.xml:37:13-81
257            android:theme="@style/com.applovin.mediation.MaxDebuggerActivity.Theme" />
257-->[com.applovin:applovin-sdk:11.4.4] AndroidManifest.xml:38:13-84
258        <activity
258-->[com.applovin:applovin-sdk:11.4.4] AndroidManifest.xml:39:9-42:87
259            android:name="com.applovin.mediation.MaxDebuggerDetailActivity"
259-->[com.applovin:applovin-sdk:11.4.4] AndroidManifest.xml:40:13-76
260            android:configChanges="keyboardHidden|orientation|screenSize|uiMode"
260-->[com.applovin:applovin-sdk:11.4.4] AndroidManifest.xml:41:13-81
261            android:theme="@style/com.applovin.mediation.MaxDebuggerActivity.Theme" />
261-->[com.applovin:applovin-sdk:11.4.4] AndroidManifest.xml:42:13-84
262        <activity
262-->[com.applovin:applovin-sdk:11.4.4] AndroidManifest.xml:43:9-46:87
263            android:name="com.applovin.mediation.MaxDebuggerMultiAdActivity"
263-->[com.applovin:applovin-sdk:11.4.4] AndroidManifest.xml:44:13-77
264            android:configChanges="keyboardHidden|orientation|screenSize|uiMode"
264-->[com.applovin:applovin-sdk:11.4.4] AndroidManifest.xml:45:13-81
265            android:theme="@style/com.applovin.mediation.MaxDebuggerActivity.Theme" />
265-->[com.applovin:applovin-sdk:11.4.4] AndroidManifest.xml:46:13-84
266        <activity
266-->[com.applovin:applovin-sdk:11.4.4] AndroidManifest.xml:47:9-50:87
267            android:name="com.applovin.mediation.MaxDebuggerAdUnitsListActivity"
267-->[com.applovin:applovin-sdk:11.4.4] AndroidManifest.xml:48:13-81
268            android:configChanges="keyboardHidden|orientation|screenSize|uiMode"
268-->[com.applovin:applovin-sdk:11.4.4] AndroidManifest.xml:49:13-81
269            android:theme="@style/com.applovin.mediation.MaxDebuggerActivity.Theme" />
269-->[com.applovin:applovin-sdk:11.4.4] AndroidManifest.xml:50:13-84
270        <activity
270-->[com.applovin:applovin-sdk:11.4.4] AndroidManifest.xml:51:9-54:87
271            android:name="com.applovin.mediation.MaxDebuggerAdUnitDetailActivity"
271-->[com.applovin:applovin-sdk:11.4.4] AndroidManifest.xml:52:13-82
272            android:configChanges="keyboardHidden|orientation|screenSize|uiMode"
272-->[com.applovin:applovin-sdk:11.4.4] AndroidManifest.xml:53:13-81
273            android:theme="@style/com.applovin.mediation.MaxDebuggerActivity.Theme" />
273-->[com.applovin:applovin-sdk:11.4.4] AndroidManifest.xml:54:13-84
274        <activity
274-->[com.applovin:applovin-sdk:11.4.4] AndroidManifest.xml:55:9-58:87